Using pre-set license
Built from '2021.3/staging' branch; Version is '2021.3.2f1 (d6360bedb9a0) revision 14038539'; Using compiler version '192829333'; Build Type 'Release'
OS: 'Windows 10  (10.0.19044) 64bit Professional' Language: 'pt' Physical Memory: 6109 MB
BatchMode: 1, IsHumanControllingUs: 0, StartBugReporterOnCrash: 0, Is64bit: 1, IsPro: 1

COMMAND LINE ARGUMENTS:
C:\Program Files\Unity\Hub\Editor\2021.3.2f1\Editor\Unity.exe
-adb2
-batchMode
-noUpm
-name
AssetImportWorker3
-projectPath
C:/Users/Renato/Desktop/Planb/Grid
-logFile
Logs/AssetImportWorker3.log
-srvPort
52730
Successfully changed project path to: C:/Users/Renato/Desktop/Planb/Grid
C:/Users/Renato/Desktop/Planb/Grid
[UnityMemory] Configuration Parameters - Can be set up in boot.config
    "memorysetup-bucket-allocator-granularity=16"
    "memorysetup-bucket-allocator-bucket-count=8"
    "memorysetup-bucket-allocator-block-size=33554432"
    "memorysetup-bucket-allocator-block-count=8"
    "memorysetup-main-allocator-block-size=16777216"
    "memorysetup-thread-allocator-block-size=16777216"
    "memorysetup-gfx-main-allocator-block-size=16777216"
    "memorysetup-gfx-thread-allocator-block-size=16777216"
    "memorysetup-cache-allocator-block-size=4194304"
    "memorysetup-typetree-allocator-block-size=2097152"
    "memorysetup-profiler-bucket-allocator-granularity=16"
    "memorysetup-profiler-bucket-allocator-bucket-count=8"
    "memorysetup-profiler-bucket-allocator-block-size=33554432"
    "memorysetup-profiler-bucket-allocator-block-count=8"
    "memorysetup-profiler-allocator-block-size=16777216"
    "memorysetup-profiler-editor-allocator-block-size=1048576"
    "memorysetup-temp-allocator-size-main=16777216"
    "memorysetup-job-temp-allocator-block-size=2097152"
    "memorysetup-job-temp-allocator-block-size-background=1048576"
    "memorysetup-job-temp-allocator-reduction-small-platforms=262144"
    "memorysetup-temp-allocator-size-background-worker=32768"
    "memorysetup-temp-allocator-size-job-worker=262144"
    "memorysetup-temp-allocator-size-preload-manager=33554432"
    "memorysetup-temp-allocator-size-nav-mesh-worker=65536"
    "memorysetup-temp-allocator-size-audio-worker=65536"
    "memorysetup-temp-allocator-size-cloud-worker=32768"
    "memorysetup-temp-allocator-size-gi-baking-worker=262144"
    "memorysetup-temp-allocator-size-gfx=262144"
Refreshing native plugins compatible for Editor in 566.50 ms, found 4 plugins.
Preloading 0 native plugins for Editor in 0.00 ms.
Initialize engine version: 2021.3.2f1 (d6360bedb9a0)
[Subsystems] Discovering subsystems at path C:/Program Files/Unity/Hub/Editor/2021.3.2f1/Editor/Data/Resources/UnitySubsystems
[Subsystems] Discovering subsystems at path C:/Users/Renato/Desktop/Planb/Grid/Assets
GfxDevice: creating device client; threaded=0; jobified=0
Direct3D:
    Version:  Direct3D 11.0 [level 10.0]
    Renderer: Intel(R) G41 Express Chipset (Microsoft Corporation - WDDM 1.1) (ID=0x2e32)
    Vendor:   Intel
    VRAM:     128 MB
    Driver:   8.15.10.2702
Initialize mono
Mono path[0] = 'C:/Program Files/Unity/Hub/Editor/2021.3.2f1/Editor/Data/Managed'
Mono path[1] = 'C:/Program Files/Unity/Hub/Editor/2021.3.2f1/Editor/Data/MonoBleedingEdge/lib/mono/unityjit-win32'
Mono config path = 'C:/Program Files/Unity/Hub/Editor/2021.3.2f1/Editor/Data/MonoBleedingEdge/etc'
Using monoOptions --debugger-agent=transport=dt_socket,embedding=1,server=y,suspend=n,address=127.0.0.1:56480
Begin MonoManager ReloadAssembly
Registering precompiled unity dll's ...
Register platform support module: C:/Program Files/Unity/Hub/Editor/2021.3.2f1/Editor/Data/PlaybackEngines/WindowsStandaloneSupport/UnityEditor.WindowsStandalone.Extensions.dll
Registered in 0.025178 seconds.
Native extension for WindowsStandalone target not found
Refreshing native plugins compatible for Editor in 246.29 ms, found 4 plugins.
Preloading 0 native plugins for Editor in 0.00 ms.
Mono: successfully reloaded assembly
- Completed reload, in  2.713 seconds
Domain Reload Profiling:
	ReloadAssembly (2716ms)
		BeginReloadAssembly (508ms)
			ExecutionOrderSort (0ms)
			DisableScriptedObjects (0ms)
			BackupInstance (0ms)
			ReleaseScriptingObjects (0ms)
			CreateAndSetChildDomain (3ms)
		EndReloadAssembly (1798ms)
			LoadAssemblies (409ms)
			RebuildTransferFunctionScriptingTraits (0ms)
			SetupTypeCache (627ms)
			ReleaseScriptCaches (0ms)
			RebuildScriptCaches (86ms)
			SetupLoadedEditorAssemblies (705ms)
				LogAssemblyErrors (0ms)
				InitializePlatformSupportModulesInManaged (19ms)
				SetLoadedEditorAssemblies (1ms)
				RefreshPlugins (246ms)
				BeforeProcessingInitializeOnLoad (4ms)
				ProcessInitializeOnLoadAttributes (323ms)
				ProcessInitializeOnLoadMethodAttributes (112ms)
				AfterProcessingInitializeOnLoad (0ms)
				EditorAssembliesLoaded (0ms)
			ExecutionOrderSort2 (0ms)
			AwakeInstancesAfterBackupRestoration (0ms)
Platform modules already initialized, skipping
Registering precompiled user dll's ...
Registered in 0.048929 seconds.
Begin MonoManager ReloadAssembly
Symbol file LoadedFromMemory doesn't match image C:\Users\Renato\Desktop\Planb\Grid\Library\PackageCache\com.unity.visualscripting@1.7.6\Editor\VisualScripting.Core\Dependencies\YamlDotNet\Unity.VisualScripting.YamlDotNet.dll
Symbol file LoadedFromMemory doesn't match image C:\Users\Renato\Desktop\Planb\Grid\Library\PackageCache\com.unity.visualscripting@1.7.6\Editor\VisualScripting.Core\Dependencies\DotNetZip\Unity.VisualScripting.IonicZip.dll
Native extension for WindowsStandalone target not found
Refreshing native plugins compatible for Editor in 255.76 ms, found 4 plugins.
Preloading 0 native plugins for Editor in 0.00 ms.
Mono: successfully reloaded assembly
- Completed reload, in  2.986 seconds
Domain Reload Profiling:
	ReloadAssembly (2988ms)
		BeginReloadAssembly (257ms)
			ExecutionOrderSort (0ms)
			DisableScriptedObjects (12ms)
			BackupInstance (0ms)
			ReleaseScriptingObjects (0ms)
			CreateAndSetChildDomain (38ms)
		EndReloadAssembly (2452ms)
			LoadAssemblies (386ms)
			RebuildTransferFunctionScriptingTraits (0ms)
			SetupTypeCache (675ms)
			ReleaseScriptCaches (1ms)
			RebuildScriptCaches (129ms)
			SetupLoadedEditorAssemblies (1167ms)
				LogAssemblyErrors (0ms)
				InitializePlatformSupportModulesInManaged (10ms)
				SetLoadedEditorAssemblies (0ms)
				RefreshPlugins (256ms)
				BeforeProcessingInitializeOnLoad (254ms)
				ProcessInitializeOnLoadAttributes (520ms)
				ProcessInitializeOnLoadMethodAttributes (109ms)
				AfterProcessingInitializeOnLoad (18ms)
				EditorAssembliesLoaded (0ms)
			ExecutionOrderSort2 (0ms)
			AwakeInstancesAfterBackupRestoration (13ms)
Platform modules already initialized, skipping
========================================================================
Worker process is ready to serve import requests
Launched and connected shader compiler UnityShaderCompiler.exe after 0.19 seconds
Refreshing native plugins compatible for Editor in 1.46 ms, found 4 plugins.
Preloading 0 native plugins for Editor in 0.00 ms.
Unloading 4055 Unused Serialized files (Serialized files now loaded: 0)
Unloading 37 unused Assets / (55.6 KB). Loaded Objects now: 4511.
Memory consumption went from 151.0 MB to 150.9 MB.
Total: 9.311600 ms (FindLiveObjects: 1.253100 ms CreateObjectMapping: 0.584700 ms MarkObjects: 7.284200 ms  DeleteObjects: 0.185700 ms)

AssetImportParameters requested are different than current active one (requested -> active):
  custom:video-decoder-ogg-theora: a1e56fd34408186e4bbccfd4996cb3dc -> 
  custom:container-muxer-webm: aa71ff27fc2769a1b78a27578f13a17b -> 
  custom:container-demuxer-webm: 4f35f7cbe854078d1ac9338744f61a02 -> 
  custom:video-encoder-webm-vp8: eb34c28f22e8b96e1ab97ce403110664 -> 
  custom:audio-encoder-webm-vorbis: bf7c407c2cedff20999df2af8eb42d56 -> 
  custom:framework-win-MediaFoundation: 216162199b28c13a410421893ffa2e32 -> 
  custom:container-demuxer-ogg: 62fdf1f143b41e24485cea50d1cbac27 -> 
  custom:video-decoder-webm-vp8: 9c59270c3fd7afecdb556c50c9e8de78 -> 
  custom:audio-decoder-ogg-vorbis: bf7c407c2cedff20999df2af8eb42d56 -> 
========================================================================
Received Import Request.
  Time since last request: 20985.594434 seconds.
  path: Assets/Torres/Illegal Floating Turret.png
  artifactKey: Guid(f45134b28a6c8024482534e242e95314) Importer(815301076,1909f56bfc062723c751e8b465ee728b)
Start importing Assets/Torres/Illegal Floating Turret.png using Guid(f45134b28a6c8024482534e242e95314) Importer(815301076,1909f56bfc062723c751e8b465ee728b)  -> (artifact id: 'ef4d2f6a1eead181db9589fdd7f77c39') in 0.391281 seconds 
========================================================================
Received Import Request.
  Time since last request: 0.015047 seconds.
  path: Assets/Prefabs/Buraco.prefab
  artifactKey: Guid(0eed8c1ec2de4d04bb27898fff0c73f3) Importer(815301076,1909f56bfc062723c751e8b465ee728b)
Start importing Assets/Prefabs/Buraco.prefab using Guid(0eed8c1ec2de4d04bb27898fff0c73f3) Importer(815301076,1909f56bfc062723c751e8b465ee728b)  -> (artifact id: 'e90e3044659df55af7b0197391997667') in 0.181640 seconds 
========================================================================
Received Import Request.
  Time since last request: 0.000086 seconds.
  path: Assets/Torres/Rhombus Heavy Turret 10 & Rhombus Heavy Turret 20.png
  artifactKey: Guid(f1b8053d53a6da24e9e80450fc7a0aaa) Importer(815301076,1909f56bfc062723c751e8b465ee728b)
Start importing Assets/Torres/Rhombus Heavy Turret 10 & Rhombus Heavy Turret 20.png using Guid(f1b8053d53a6da24e9e80450fc7a0aaa) Importer(815301076,1909f56bfc062723c751e8b465ee728b)  -> (artifact id: 'cd0511aedb03396c99218ba45a677f97') in 0.145117 seconds 
========================================================================
Received Import Request.
  Time since last request: 0.000073 seconds.
  path: Assets/Prefabs/Tile.prefab
  artifactKey: Guid(84f02e149a5ec4743b15123164023038) Importer(815301076,1909f56bfc062723c751e8b465ee728b)
Start importing Assets/Prefabs/Tile.prefab using Guid(84f02e149a5ec4743b15123164023038) Importer(815301076,1909f56bfc062723c751e8b465ee728b)  -> (artifact id: '5500c25cb08f00d873e4756e26d9624d') in 0.096145 seconds 
========================================================================
Received Import Request.
  Time since last request: 0.000071 seconds.
  path: Assets/Tiles/Metal.cs
  artifactKey: Guid(a12c227b2a3c474439dc01188be8c2e0) Importer(815301076,1909f56bfc062723c751e8b465ee728b)
Start importing Assets/Tiles/Metal.cs using Guid(a12c227b2a3c474439dc01188be8c2e0) Importer(815301076,1909f56bfc062723c751e8b465ee728b)  -> (artifact id: '66b1b06feaa8c21104f80a1c88007786') in 0.127872 seconds 
========================================================================
Received Import Request.
  Time since last request: 0.000077 seconds.
  path: Assets/Tiles/Tile.cs
  artifactKey: Guid(a9b0452683735a640819e96070c9e905) Importer(815301076,1909f56bfc062723c751e8b465ee728b)
Start importing Assets/Tiles/Tile.cs using Guid(a9b0452683735a640819e96070c9e905) Importer(815301076,1909f56bfc062723c751e8b465ee728b)  -> (artifact id: '95cb5fc9efab2f6bbb26f716cb300756') in 0.008699 seconds 
========================================================================
Received Import Request.
  Time since last request: 0.000072 seconds.
  path: Assets/Torres/Turret.png
  artifactKey: Guid(85e9e41c0b474d942970a85a7a7bbf2c) Importer(815301076,1909f56bfc062723c751e8b465ee728b)
Start importing Assets/Torres/Turret.png using Guid(85e9e41c0b474d942970a85a7a7bbf2c) Importer(815301076,1909f56bfc062723c751e8b465ee728b)  -> (artifact id: '86a79142e56c37b2ba03afd907498973') in 0.188736 seconds 
========================================================================
Received Import Request.
  Time since last request: 0.000784 seconds.
  path: Assets/Torres/Big Turret.png
  artifactKey: Guid(4c0e702168ebe8c4384ac04dd4b0a072) Importer(815301076,1909f56bfc062723c751e8b465ee728b)
Start importing Assets/Torres/Big Turret.png using Guid(4c0e702168ebe8c4384ac04dd4b0a072) Importer(815301076,1909f56bfc062723c751e8b465ee728b)  -> (artifact id: '09919105bac7254f2f279473a2729bc0') in 0.188540 seconds 
========================================================================
Received Import Request.
  Time since last request: 0.000852 seconds.
  path: Assets/Prefabs/Metal.prefab
  artifactKey: Guid(1196364cbac0de74fa31972ad18b7e92) Importer(815301076,1909f56bfc062723c751e8b465ee728b)
Start importing Assets/Prefabs/Metal.prefab using Guid(1196364cbac0de74fa31972ad18b7e92) Importer(815301076,1909f56bfc062723c751e8b465ee728b)  -> (artifact id: '13e4cfc002420fc44cd5948f3cbd0a6a') in 0.061583 seconds 
========================================================================
Received Import Request.
  Time since last request: 0.000051 seconds.
  path: Assets/Torres/Turret Attack.png
  artifactKey: Guid(019a6960648a2f143b0203758df2f7b8) Importer(815301076,1909f56bfc062723c751e8b465ee728b)
Start importing Assets/Torres/Turret Attack.png using Guid(019a6960648a2f143b0203758df2f7b8) Importer(815301076,1909f56bfc062723c751e8b465ee728b)  -> (artifact id: '17de9cd268029f59adac94626f2cd39f') in 0.541931 seconds 
========================================================================
Received Import Request.
  Time since last request: 0.000080 seconds.
  path: Assets/Torres/Rhombus Turret 10 & Illegal Rhombus Turret.png
  artifactKey: Guid(7f5c992e7ec687c4bac7da3432a0d060) Importer(815301076,1909f56bfc062723c751e8b465ee728b)
Start importing Assets/Torres/Rhombus Turret 10 & Illegal Rhombus Turret.png using Guid(7f5c992e7ec687c4bac7da3432a0d060) Importer(815301076,1909f56bfc062723c751e8b465ee728b)  -> (artifact id: '1f10b6d5478a9aae8de7caba7680c8b2') in 0.136278 seconds 
========================================================================
Received Import Request.
  Time since last request: 0.000045 seconds.
  path: Assets/Torres/Final Turret IX.png
  artifactKey: Guid(dffada5e4e2b5534a9c4fd89f19c2f66) Importer(815301076,1909f56bfc062723c751e8b465ee728b)
Start importing Assets/Torres/Final Turret IX.png using Guid(dffada5e4e2b5534a9c4fd89f19c2f66) Importer(815301076,1909f56bfc062723c751e8b465ee728b)  -> (artifact id: '972ddc9ad55157eaca47ffb417a09420') in 0.090695 seconds 
========================================================================
Received Import Request.
  Time since last request: 0.000050 seconds.
  path: Assets/Tiles/Buraco.cs
  artifactKey: Guid(16e5bb162f4cb97499d997cd809ea254) Importer(815301076,1909f56bfc062723c751e8b465ee728b)
Start importing Assets/Tiles/Buraco.cs using Guid(16e5bb162f4cb97499d997cd809ea254) Importer(815301076,1909f56bfc062723c751e8b465ee728b)  -> (artifact id: '330693ffd3e8a1161a1cb8adf1089e84') in 0.005361 seconds 
========================================================================
Received Import Request.
  Time since last request: 0.000058 seconds.
  path: Assets/Managers/GridManager.cs
  artifactKey: Guid(676d7bb7fca354b4293d3819e3fc367d) Importer(815301076,1909f56bfc062723c751e8b465ee728b)
Start importing Assets/Managers/GridManager.cs using Guid(676d7bb7fca354b4293d3819e3fc367d) Importer(815301076,1909f56bfc062723c751e8b465ee728b)  -> (artifact id: '3b715076eab0399517b500749b1a1eba') in 0.014135 seconds 
========================================================================
Received Import Request.
  Time since last request: 0.000063 seconds.
  path: Assets/Torres/Legionary Turret v1 & Legionary Turret v2.png
  artifactKey: Guid(597e92f1e8d91674ebc8520568059165) Importer(815301076,1909f56bfc062723c751e8b465ee728b)
Start importing Assets/Torres/Legionary Turret v1 & Legionary Turret v2.png using Guid(597e92f1e8d91674ebc8520568059165) Importer(815301076,1909f56bfc062723c751e8b465ee728b)  -> (artifact id: 'ceb8ecdd7aa361ba76215d09371cf7ef') in 0.089159 seconds 
========================================================================
Received Import Request.
  Time since last request: 0.000046 seconds.
  path: Assets/Torres/Martello & Turret.png
  artifactKey: Guid(84142bbb6fa8ee44491329ee68992601) Importer(815301076,1909f56bfc062723c751e8b465ee728b)
Start importing Assets/Torres/Martello & Turret.png using Guid(84142bbb6fa8ee44491329ee68992601) Importer(815301076,1909f56bfc062723c751e8b465ee728b)  -> (artifact id: '0d4fff89b1dcba311b3715ce73f65043') in 0.076798 seconds 
========================================================================
Received Import Request.
  Time since last request: 679.931583 seconds.
  path: Assets/Scripts
  artifactKey: Guid(4bba7cbef3037bc4a98a71badfa13108) Importer(815301076,1909f56bfc062723c751e8b465ee728b)
Start importing Assets/Scripts using Guid(4bba7cbef3037bc4a98a71badfa13108) Importer(815301076,1909f56bfc062723c751e8b465ee728b)  -> (artifact id: '3fc61d215a3fd43b517740f637704221') in 0.048933 seconds 
========================================================================
Received Import Request.
  Time since last request: 21.853770 seconds.
  path: Assets/Scripts/Alien.cs
  artifactKey: Guid(56fb8b4abd9bb3648ba7523a1d1b1389) Importer(815301076,1909f56bfc062723c751e8b465ee728b)
Start importing Assets/Scripts/Alien.cs using Guid(56fb8b4abd9bb3648ba7523a1d1b1389) Importer(815301076,1909f56bfc062723c751e8b465ee728b)  -> (artifact id: '43fb94c8083db89bc9aa10359421b8c0') in 0.231385 seconds 
========================================================================
Received Prepare
Registering precompiled user dll's ...
Registered in 0.017654 seconds.
Begin MonoManager ReloadAssembly
Symbol file LoadedFromMemory doesn't match image C:\Users\Renato\Desktop\Planb\Grid\Library\PackageCache\com.unity.visualscripting@1.7.6\Editor\VisualScripting.Core\Dependencies\YamlDotNet\Unity.VisualScripting.YamlDotNet.dll
Symbol file LoadedFromMemory doesn't match image C:\Users\Renato\Desktop\Planb\Grid\Library\PackageCache\com.unity.visualscripting@1.7.6\Editor\VisualScripting.Core\Dependencies\DotNetZip\Unity.VisualScripting.IonicZip.dll
Native extension for WindowsStandalone target not found
Refreshing native plugins compatible for Editor in 1.50 ms, found 4 plugins.
Preloading 0 native plugins for Editor in 0.00 ms.
Mono: successfully reloaded assembly
- Completed reload, in  2.329 seconds
Domain Reload Profiling:
	ReloadAssembly (2330ms)
		BeginReloadAssembly (299ms)
			ExecutionOrderSort (0ms)
			DisableScriptedObjects (15ms)
			BackupInstance (0ms)
			ReleaseScriptingObjects (0ms)
			CreateAndSetChildDomain (83ms)
		EndReloadAssembly (1800ms)
			LoadAssemblies (267ms)
			RebuildTransferFunctionScriptingTraits (0ms)
			SetupTypeCache (540ms)
			ReleaseScriptCaches (4ms)
			RebuildScriptCaches (113ms)
			SetupLoadedEditorAssemblies (746ms)
				LogAssemblyErrors (0ms)
				InitializePlatformSupportModulesInManaged (32ms)
				SetLoadedEditorAssemblies (1ms)
				RefreshPlugins (2ms)
				BeforeProcessingInitializeOnLoad (168ms)
				ProcessInitializeOnLoadAttributes (435ms)
				ProcessInitializeOnLoadMethodAttributes (85ms)
				AfterProcessingInitializeOnLoad (23ms)
				EditorAssembliesLoaded (0ms)
			ExecutionOrderSort2 (0ms)
			AwakeInstancesAfterBackupRestoration (49ms)
Platform modules already initialized, skipping
Refreshing native plugins compatible for Editor in 8.02 ms, found 4 plugins.
Preloading 0 native plugins for Editor in 0.00 ms.
Unloading 4045 Unused Serialized files (Serialized files now loaded: 0)
Unloading 24 unused Assets / (24.7 KB). Loaded Objects now: 4547.
Memory consumption went from 154.8 MB to 154.8 MB.
Total: 9.702000 ms (FindLiveObjects: 1.043700 ms CreateObjectMapping: 0.674500 ms MarkObjects: 7.897800 ms  DeleteObjects: 0.082900 ms)

AssetImportParameters requested are different than current active one (requested -> active):
  custom:video-decoder-ogg-theora: a1e56fd34408186e4bbccfd4996cb3dc -> 
  custom:container-muxer-webm: aa71ff27fc2769a1b78a27578f13a17b -> 
  custom:container-demuxer-webm: 4f35f7cbe854078d1ac9338744f61a02 -> 
  custom:video-encoder-webm-vp8: eb34c28f22e8b96e1ab97ce403110664 -> 
  custom:audio-encoder-webm-vorbis: bf7c407c2cedff20999df2af8eb42d56 -> 
  custom:framework-win-MediaFoundation: 216162199b28c13a410421893ffa2e32 -> 
  custom:container-demuxer-ogg: 62fdf1f143b41e24485cea50d1cbac27 -> 
  custom:video-decoder-webm-vp8: 9c59270c3fd7afecdb556c50c9e8de78 -> 
  custom:audio-decoder-ogg-vorbis: bf7c407c2cedff20999df2af8eb42d56 -> 
========================================================================
Received Import Request.
  Time since last request: 44.628530 seconds.
  path: Assets/Scripts/Alien_FloodFilll.cs
  artifactKey: Guid(56fb8b4abd9bb3648ba7523a1d1b1389) Importer(815301076,1909f56bfc062723c751e8b465ee728b)
Start importing Assets/Scripts/Alien_FloodFilll.cs using Guid(56fb8b4abd9bb3648ba7523a1d1b1389) Importer(815301076,1909f56bfc062723c751e8b465ee728b)  -> (artifact id: '262b98b6b0222a72d9daa88d5806d7cb') in 0.212217 seconds 
========================================================================
Received Prepare
Registering precompiled user dll's ...
Registered in 0.032886 seconds.
Begin MonoManager ReloadAssembly
Symbol file LoadedFromMemory doesn't match image C:\Users\Renato\Desktop\Planb\Grid\Library\PackageCache\com.unity.visualscripting@1.7.6\Editor\VisualScripting.Core\Dependencies\YamlDotNet\Unity.VisualScripting.YamlDotNet.dll
Symbol file LoadedFromMemory doesn't match image C:\Users\Renato\Desktop\Planb\Grid\Library\PackageCache\com.unity.visualscripting@1.7.6\Editor\VisualScripting.Core\Dependencies\DotNetZip\Unity.VisualScripting.IonicZip.dll
Native extension for WindowsStandalone target not found
Refreshing native plugins compatible for Editor in 1.64 ms, found 4 plugins.
Preloading 0 native plugins for Editor in 0.00 ms.
Mono: successfully reloaded assembly
- Completed reload, in  2.259 seconds
Domain Reload Profiling:
	ReloadAssembly (2260ms)
		BeginReloadAssembly (289ms)
			ExecutionOrderSort (0ms)
			DisableScriptedObjects (16ms)
			BackupInstance (0ms)
			ReleaseScriptingObjects (0ms)
			CreateAndSetChildDomain (80ms)
		EndReloadAssembly (1744ms)
			LoadAssemblies (224ms)
			RebuildTransferFunctionScriptingTraits (0ms)
			SetupTypeCache (532ms)
			ReleaseScriptCaches (3ms)
			RebuildScriptCaches (103ms)
			SetupLoadedEditorAssemblies (803ms)
				LogAssemblyErrors (0ms)
				InitializePlatformSupportModulesInManaged (27ms)
				SetLoadedEditorAssemblies (1ms)
				RefreshPlugins (2ms)
				BeforeProcessingInitializeOnLoad (174ms)
				ProcessInitializeOnLoadAttributes (499ms)
				ProcessInitializeOnLoadMethodAttributes (82ms)
				AfterProcessingInitializeOnLoad (17ms)
				EditorAssembliesLoaded (0ms)
			ExecutionOrderSort2 (0ms)
			AwakeInstancesAfterBackupRestoration (18ms)
Platform modules already initialized, skipping
Refreshing native plugins compatible for Editor in 5.54 ms, found 4 plugins.
Preloading 0 native plugins for Editor in 0.00 ms.
Unloading 4045 Unused Serialized files (Serialized files now loaded: 0)
Unloading 24 unused Assets / (24.7 KB). Loaded Objects now: 4550.
Memory consumption went from 154.8 MB to 154.8 MB.
Total: 7.973300 ms (FindLiveObjects: 0.755700 ms CreateObjectMapping: 0.280800 ms MarkObjects: 6.874900 ms  DeleteObjects: 0.059600 ms)

AssetImportParameters requested are different than current active one (requested -> active):
  custom:video-decoder-ogg-theora: a1e56fd34408186e4bbccfd4996cb3dc -> 
  custom:container-muxer-webm: aa71ff27fc2769a1b78a27578f13a17b -> 
  custom:container-demuxer-webm: 4f35f7cbe854078d1ac9338744f61a02 -> 
  custom:video-encoder-webm-vp8: eb34c28f22e8b96e1ab97ce403110664 -> 
  custom:audio-encoder-webm-vorbis: bf7c407c2cedff20999df2af8eb42d56 -> 
  custom:framework-win-MediaFoundation: 216162199b28c13a410421893ffa2e32 -> 
  custom:container-demuxer-ogg: 62fdf1f143b41e24485cea50d1cbac27 -> 
  custom:video-decoder-webm-vp8: 9c59270c3fd7afecdb556c50c9e8de78 -> 
  custom:audio-decoder-ogg-vorbis: bf7c407c2cedff20999df2af8eb42d56 -> 
========================================================================
Received Import Request.
  Time since last request: 29.915527 seconds.
  path: Assets/Scripts/Alien_Dijkstra.cs
  artifactKey: Guid(962334f4b09d3084dadc7c70978f280b) Importer(815301076,1909f56bfc062723c751e8b465ee728b)
Start importing Assets/Scripts/Alien_Dijkstra.cs using Guid(962334f4b09d3084dadc7c70978f280b) Importer(815301076,1909f56bfc062723c751e8b465ee728b)  -> (artifact id: '35cadd8cf5faa47c4bc5562ffa0bcef9') in 1.148834 seconds 
========================================================================
Received Prepare
Registering precompiled user dll's ...
Registered in 0.018661 seconds.
Begin MonoManager ReloadAssembly
Symbol file LoadedFromMemory doesn't match image C:\Users\Renato\Desktop\Planb\Grid\Library\PackageCache\com.unity.visualscripting@1.7.6\Editor\VisualScripting.Core\Dependencies\YamlDotNet\Unity.VisualScripting.YamlDotNet.dll
Symbol file LoadedFromMemory doesn't match image C:\Users\Renato\Desktop\Planb\Grid\Library\PackageCache\com.unity.visualscripting@1.7.6\Editor\VisualScripting.Core\Dependencies\DotNetZip\Unity.VisualScripting.IonicZip.dll
Native extension for WindowsStandalone target not found
Refreshing native plugins compatible for Editor in 1.66 ms, found 4 plugins.
Preloading 0 native plugins for Editor in 0.00 ms.
Mono: successfully reloaded assembly
- Completed reload, in  2.312 seconds
Domain Reload Profiling:
	ReloadAssembly (2313ms)
		BeginReloadAssembly (270ms)
			ExecutionOrderSort (0ms)
			DisableScriptedObjects (15ms)
			BackupInstance (0ms)
			ReleaseScriptingObjects (0ms)
			CreateAndSetChildDomain (68ms)
		EndReloadAssembly (1832ms)
			LoadAssemblies (250ms)
			RebuildTransferFunctionScriptingTraits (0ms)
			SetupTypeCache (545ms)
			ReleaseScriptCaches (3ms)
			RebuildScriptCaches (99ms)
			SetupLoadedEditorAssemblies (852ms)
				LogAssemblyErrors (0ms)
				InitializePlatformSupportModulesInManaged (33ms)
				SetLoadedEditorAssemblies (1ms)
				RefreshPlugins (2ms)
				BeforeProcessingInitializeOnLoad (225ms)
				ProcessInitializeOnLoadAttributes (450ms)
				ProcessInitializeOnLoadMethodAttributes (123ms)
				AfterProcessingInitializeOnLoad (18ms)
				EditorAssembliesLoaded (0ms)
			ExecutionOrderSort2 (0ms)
			AwakeInstancesAfterBackupRestoration (18ms)
Platform modules already initialized, skipping
Refreshing native plugins compatible for Editor in 5.23 ms, found 4 plugins.
Preloading 0 native plugins for Editor in 0.00 ms.
Unloading 4047 Unused Serialized files (Serialized files now loaded: 0)
Unloading 24 unused Assets / (24.7 KB). Loaded Objects now: 4555.
Memory consumption went from 154.8 MB to 154.8 MB.
Total: 6.918700 ms (FindLiveObjects: 0.751700 ms CreateObjectMapping: 0.303300 ms MarkObjects: 5.804300 ms  DeleteObjects: 0.056800 ms)

AssetImportParameters requested are different than current active one (requested -> active):
  custom:video-decoder-ogg-theora: a1e56fd34408186e4bbccfd4996cb3dc -> 
  custom:container-muxer-webm: aa71ff27fc2769a1b78a27578f13a17b -> 
  custom:container-demuxer-webm: 4f35f7cbe854078d1ac9338744f61a02 -> 
  custom:video-encoder-webm-vp8: eb34c28f22e8b96e1ab97ce403110664 -> 
  custom:audio-encoder-webm-vorbis: bf7c407c2cedff20999df2af8eb42d56 -> 
  custom:framework-win-MediaFoundation: 216162199b28c13a410421893ffa2e32 -> 
  custom:container-demuxer-ogg: 62fdf1f143b41e24485cea50d1cbac27 -> 
  custom:video-decoder-webm-vp8: 9c59270c3fd7afecdb556c50c9e8de78 -> 
  custom:audio-decoder-ogg-vorbis: bf7c407c2cedff20999df2af8eb42d56 -> 
========================================================================
Received Import Request.
  Time since last request: 25.544629 seconds.
  path: Assets/Scripts/NewBehaviourScript.cs
  artifactKey: Guid(58958f61fc1cc5f499462fa750ba8ff2) Importer(815301076,1909f56bfc062723c751e8b465ee728b)
Start importing Assets/Scripts/NewBehaviourScript.cs using Guid(58958f61fc1cc5f499462fa750ba8ff2) Importer(815301076,1909f56bfc062723c751e8b465ee728b)  -> (artifact id: '72797282ae3baae110c19f38771dc0c7') in 0.023839 seconds 
========================================================================
Received Import Request.
  Time since last request: 29.988891 seconds.
  path: Assets/Scripts/Alien_ AStar.cs
  artifactKey: Guid(58958f61fc1cc5f499462fa750ba8ff2) Importer(815301076,1909f56bfc062723c751e8b465ee728b)
Start importing Assets/Scripts/Alien_ AStar.cs using Guid(58958f61fc1cc5f499462fa750ba8ff2) Importer(815301076,1909f56bfc062723c751e8b465ee728b)  -> (artifact id: 'ac474d56eb2cc2e53d5b59fa964272e9') in 0.121523 seconds 
========================================================================
Received Prepare
Registering precompiled user dll's ...
Registered in 0.018247 seconds.
Begin MonoManager ReloadAssembly
Symbol file LoadedFromMemory doesn't match image C:\Users\Renato\Desktop\Planb\Grid\Library\PackageCache\com.unity.visualscripting@1.7.6\Editor\VisualScripting.Core\Dependencies\YamlDotNet\Unity.VisualScripting.YamlDotNet.dll
Symbol file LoadedFromMemory doesn't match image C:\Users\Renato\Desktop\Planb\Grid\Library\PackageCache\com.unity.visualscripting@1.7.6\Editor\VisualScripting.Core\Dependencies\DotNetZip\Unity.VisualScripting.IonicZip.dll
Native extension for WindowsStandalone target not found
Refreshing native plugins compatible for Editor in 1.80 ms, found 4 plugins.
Preloading 0 native plugins for Editor in 0.00 ms.
Mono: successfully reloaded assembly
- Completed reload, in  2.122 seconds
Domain Reload Profiling:
	ReloadAssembly (2124ms)
		BeginReloadAssembly (278ms)
			ExecutionOrderSort (0ms)
			DisableScriptedObjects (14ms)
			BackupInstance (0ms)
			ReleaseScriptingObjects (0ms)
			CreateAndSetChildDomain (68ms)
		EndReloadAssembly (1636ms)
			LoadAssemblies (220ms)
			RebuildTransferFunctionScriptingTraits (0ms)
			SetupTypeCache (521ms)
			ReleaseScriptCaches (3ms)
			RebuildScriptCaches (99ms)
			SetupLoadedEditorAssemblies (722ms)
				LogAssemblyErrors (0ms)
				InitializePlatformSupportModulesInManaged (35ms)
				SetLoadedEditorAssemblies (1ms)
				RefreshPlugins (2ms)
				BeforeProcessingInitializeOnLoad (171ms)
				ProcessInitializeOnLoadAttributes (412ms)
				ProcessInitializeOnLoadMethodAttributes (83ms)
				AfterProcessingInitializeOnLoad (18ms)
				EditorAssembliesLoaded (0ms)
			ExecutionOrderSort2 (0ms)
			AwakeInstancesAfterBackupRestoration (18ms)
Platform modules already initialized, skipping
Refreshing native plugins compatible for Editor in 5.20 ms, found 4 plugins.
Preloading 0 native plugins for Editor in 0.00 ms.
Unloading 4047 Unused Serialized files (Serialized files now loaded: 0)
Unloading 24 unused Assets / (24.7 KB). Loaded Objects now: 4558.
Memory consumption went from 154.9 MB to 154.8 MB.
Total: 6.894400 ms (FindLiveObjects: 0.749700 ms CreateObjectMapping: 0.277300 ms MarkObjects: 5.806100 ms  DeleteObjects: 0.058200 ms)

AssetImportParameters requested are different than current active one (requested -> active):
  custom:video-decoder-ogg-theora: a1e56fd34408186e4bbccfd4996cb3dc -> 
  custom:container-muxer-webm: aa71ff27fc2769a1b78a27578f13a17b -> 
  custom:container-demuxer-webm: 4f35f7cbe854078d1ac9338744f61a02 -> 
  custom:video-encoder-webm-vp8: eb34c28f22e8b96e1ab97ce403110664 -> 
  custom:audio-encoder-webm-vorbis: bf7c407c2cedff20999df2af8eb42d56 -> 
  custom:framework-win-MediaFoundation: 216162199b28c13a410421893ffa2e32 -> 
  custom:container-demuxer-ogg: 62fdf1f143b41e24485cea50d1cbac27 -> 
  custom:video-decoder-webm-vp8: 9c59270c3fd7afecdb556c50c9e8de78 -> 
  custom:audio-decoder-ogg-vorbis: bf7c407c2cedff20999df2af8eb42d56 -> 
========================================================================
Received Import Request.
  Time since last request: 443.661831 seconds.
  path: Assets/Torres/Mobile - Idle Monster Tower Defense - Sparky Spooky (1).png
  artifactKey: Guid(9640ecbc4c069804cbedf92ecf503ff0) Importer(815301076,1909f56bfc062723c751e8b465ee728b)
Start importing Assets/Torres/Mobile - Idle Monster Tower Defense - Sparky Spooky (1).png using Guid(9640ecbc4c069804cbedf92ecf503ff0) Importer(815301076,1909f56bfc062723c751e8b465ee728b)  -> (artifact id: '127b0643101dee8d910d572fbb111da2') in 0.316752 seconds 
